<?xml version="1.0" encoding="UTF-8"?>
<!-- Generated by org.testng.reporters.JUnitReportReporter -->
<testsuite hostname="Bose-Family-PC" failures="0" tests="24" name="testRunner.TestRunner" time="0.509" errors="0" timestamp="2025-06-28T22:09:07 EDT" skipped="0">
  <testcase classname="testRunner.TestRunner" name="runScenario" time="0.005"/>
  <testcase classname="testRunner.TestRunner" name="runScenario" time="0.007"/>
  <testcase classname="testRunner.TestRunner" name="runScenario" time="0.008"/>
  <testcase classname="testRunner.TestRunner" name="runScenario" time="0.004"/>
  <testcase classname="testRunner.TestRunner" name="runScenario" time="0.009"/>
  <testcase classname="testRunner.TestRunner" name="runScenario" time="0.007"/>
  <testcase classname="testRunner.TestRunner" name="runScenario" time="0.008"/>
  <testcase classname="testRunner.TestRunner" name="runScenario" time="0.009"/>
  <testcase classname="testRunner.TestRunner" name="runScenario" time="0.011"/>
  <testcase classname="testRunner.TestRunner" name="runScenario" time="0.007"/>
  <testcase classname="testRunner.TestRunner" name="runScenario" time="0.007"/>
  <testcase classname="testRunner.TestRunner" name="runScenario" time="0.013"/>
  <testcase classname="testRunner.TestRunner" name="runScenario" time="0.013"/>
  <testcase classname="testRunner.TestRunner" name="runScenario" time="0.005"/>
  <testcase classname="testRunner.TestRunner" name="runScenario" time="0.013"/>
  <testcase classname="testRunner.TestRunner" name="runScenario" time="0.005"/>
  <testcase classname="testRunner.TestRunner" name="runScenario" time="0.009"/>
  <testcase classname="testRunner.TestRunner" name="runScenario" time="0.007"/>
  <testcase classname="testRunner.TestRunner" name="runScenario" time="0.321"/>
  <testcase classname="testRunner.TestRunner" name="runScenario" time="0.013"/>
  <testcase classname="testRunner.TestRunner" name="runScenario" time="0.005"/>
  <testcase classname="testRunner.TestRunner" name="runScenario" time="0.005"/>
  <testcase classname="testRunner.TestRunner" name="runScenario" time="0.012"/>
  <testcase classname="testRunner.TestRunner" name="runScenario" time="0.006"/>
</testsuite> <!-- testRunner.TestRunner -->
