<?xml version="1.0" encoding="UTF-8"?>
<!-- Generated by org.testng.reporters.JUnitReportReporter -->
<testsuite hostname="Blossoms" failures="0" tests="4" name="testRunner.TestRunner" time="72.645" errors="0" timestamp="2025-07-03T10:37:04 CDT" skipped="0">
  <testcase classname="testRunner.TestRunner" name="runScenario" time="17.498"/>
  <testcase classname="testRunner.TestRunner" name="runScenario" time="18.180"/>
  <testcase classname="testRunner.TestRunner" name="runScenario" time="17.846"/>
  <testcase classname="testRunner.TestRunner" name="runScenario" time="19.121"/>
</testsuite> <!-- testRunner.TestRunner -->
